<?xml version="1.0" encoding="UTF-8"?>
<testng-results ignored="0" total="1" passed="1" failed="0" skipped="0">
  <reporter-output>
  </reporter-output>
  <suite started-at="2024-11-05T16:39:42 IST" name="Default suite" finished-at="2024-11-05T16:41:04 IST" duration-ms="82615">
    <groups>
    </groups>
    <test started-at="2024-11-05T16:39:42 IST" name="Default test" finished-at="2024-11-05T16:41:04 IST" duration-ms="82615">
      <class name="Selenium_LabBook.Page_Object_Model.Login_PageFactory_EXCEL_extentReport">
        <test-method signature="login()[pri:0, instance:Selenium_LabBook.Page_Object_Model.Login_PageFactory_EXCEL_extentReport@61c4eee0]" started-at="2024-11-05T16:39:42 IST" name="login" finished-at="2024-11-05T16:41:04 IST" duration-ms="82534" status="PASS">
          <reporter-output>
          </reporter-output>
        </test-method> <!-- login -->
      </class> <!-- Selenium_LabBook.Page_Object_Model.Login_PageFactory_EXCEL_extentReport -->
    </test> <!-- Default test -->
  </suite> <!-- Default suite -->
</testng-results>
